1595599978.242435 client started (95650): version 2.8, socket /private/tmp/tmux-501/default, protocol 8
1595599978.242526 on Darwin 19.5.0 Darwin Kernel Version 19.5.0: Tue May 26 20:41:44 PDT 2020; root:xnu-6153.121.2~2/RELEASE_X86_64; libevent 2.1.8-stable (select)
1595599978.242585 socket is /private/tmp/tmux-501/default
1595599978.242612 trying connect
1595599978.242724 add peer 0x7fcd02d31000: 6 (0x0)
1595599978.244478 sending message 100 to peer 0x7fcd02d31000 (4 bytes)
1595599978.244503 sending message 101 to peer 0x7fcd02d31000 (15 bytes)
1595599978.244513 sending message 102 to peer 0x7fcd02d31000 (13 bytes)
1595599978.244521 sending message 108 to peer 0x7fcd02d31000 (33 bytes)
1595599978.244540 sending message 104 to peer 0x7fcd02d31000 (0 bytes)
1595599978.244549 sending message 107 to peer 0x7fcd02d31000 (4 bytes)
1595599978.244557 sending message 105 to peer 0x7fcd02d31000 (15 bytes)
1595599978.244565 sending message 105 to peer 0x7fcd02d31000 (22 bytes)
1595599978.244574 sending message 105 to peer 0x7fcd02d31000 (33 bytes)
1595599978.244582 sending message 105 to peer 0x7fcd02d31000 (12 bytes)
1595599978.244590 sending message 105 to peer 0x7fcd02d31000 (25 bytes)
1595599978.244598 sending message 105 to peer 0x7fcd02d31000 (20 bytes)
1595599978.244606 sending message 105 to peer 0x7fcd02d31000 (22 bytes)
1595599978.244614 sending message 105 to peer 0x7fcd02d31000 (61 bytes)
1595599978.244623 sending message 105 to peer 0x7fcd02d31000 (17 bytes)
1595599978.244631 sending message 105 to peer 0x7fcd02d31000 (16 bytes)
1595599978.244639 sending message 105 to peer 0x7fcd02d31000 (54 bytes)
1595599978.244647 sending message 105 to peer 0x7fcd02d31000 (28 bytes)
1595599978.244656 sending message 105 to peer 0x7fcd02d31000 (451 bytes)
1595599978.244664 sending message 105 to peer 0x7fcd02d31000 (68 bytes)
1595599978.244672 sending message 105 to peer 0x7fcd02d31000 (37 bytes)
1595599978.244680 sending message 105 to peer 0x7fcd02d31000 (17 bytes)
1595599978.244689 sending message 105 to peer 0x7fcd02d31000 (24 bytes)
1595599978.244697 sending message 105 to peer 0x7fcd02d31000 (26 bytes)
1595599978.244705 sending message 105 to peer 0x7fcd02d31000 (8 bytes)
1595599978.244713 sending message 105 to peer 0x7fcd02d31000 (18 bytes)
1595599978.244722 sending message 105 to peer 0x7fcd02d31000 (91 bytes)
1595599978.244730 sending message 105 to peer 0x7fcd02d31000 (40 bytes)
1595599978.244738 sending message 105 to peer 0x7fcd02d31000 (20 bytes)
1595599978.244746 sending message 105 to peer 0x7fcd02d31000 (23 bytes)
1595599978.244754 sending message 105 to peer 0x7fcd02d31000 (28 bytes)
1595599978.244762 sending message 105 to peer 0x7fcd02d31000 (60 bytes)
1595599978.244771 sending message 105 to peer 0x7fcd02d31000 (57 bytes)
1595599978.244779 sending message 105 to peer 0x7fcd02d31000 (42 bytes)
1595599978.244787 sending message 105 to peer 0x7fcd02d31000 (14 bytes)
1595599978.244795 sending message 105 to peer 0x7fcd02d31000 (55 bytes)
1595599978.244803 sending message 105 to peer 0x7fcd02d31000 (13 bytes)
1595599978.244811 sending message 105 to peer 0x7fcd02d31000 (14 bytes)
1595599978.244819 sending message 105 to peer 0x7fcd02d31000 (19 bytes)
1595599978.244827 sending message 105 to peer 0x7fcd02d31000 (34 bytes)
1595599978.244835 sending message 105 to peer 0x7fcd02d31000 (23 bytes)
1595599978.244844 sending message 106 to peer 0x7fcd02d31000 (0 bytes)
1595599978.244855 sending message 200 to peer 0x7fcd02d31000 (4 bytes)
1595599978.244864 client loop enter
1595599978.246113 peer 0x7fcd02d31000 message 211
1595599978.246161 client_write: sessions should be nested with care, unset $TMUX to force\n
1595599978.246196 peer 0x7fcd02d31000 message 203
1595599978.246209 client loop exit
